<?xml version="1.0" encoding="UTF-8"?>
<!-- Generated by org.testng.reporters.JUnitXMLReporter -->
<testsuite ignored="4" hostname="LAPTOP-UOARS8I5" failures="0" tests="2" name="Test" time="0.118" errors="0" timestamp="2023-02-23T09:19:10 IST">
  <testcase classname="com.pract1.Grp2" name="http" time="0.016"/>
  <testcase classname="com.pract1.Grouping" name="m5" time="0.003"/>
  <testcase classname="com.pract1.Grp3" name="linux" time="0.0">
    <ignored/>
  </testcase> <!-- linux -->
  <testcase classname="com.pract1.Grouping" name="m6" time="0.0">
    <ignored/>
  </testcase> <!-- m6 -->
  <testcase classname="com.pract1.Grp2" name="python" time="0.0">
    <ignored/>
  </testcase> <!-- python -->
  <testcase classname="com.pract1.Grp3" name="cplus" time="0.0">
    <ignored/>
  </testcase> <!-- cplus -->
</testsuite> <!-- Test -->
