<?xml version="1.0" encoding="UTF-8"?>
<testng-results ignored="0" total="2" passed="2" failed="0" skipped="0">
  <reporter-output>
  </reporter-output>
  <suite started-at="2023-02-27T19:18:30 IST" name="Default suite" finished-at="2023-02-27T19:18:37 IST" duration-ms="7237">
    <groups>
    </groups>
    <test started-at="2023-02-27T19:18:30 IST" name="Default test" finished-at="2023-02-27T19:18:37 IST" duration-ms="7237">
      <class name="AmazonDemo1.WebPage2">
        <test-method is-config="true" signature="setDriver()[pri:0, instance:AmazonDemo1.WebPage2@2accdbb5]" started-at="2023-02-27T19:18:30 IST" name="setDriver" finished-at="2023-02-27T19:18:32 IST" duration-ms="2768" status="PASS">
          <reporter-output>
          </reporter-output>
        </test-method> <!-- setDriver -->
        <test-method signature="launch()[pri:0, instance:AmazonDemo1.WebPage2@2accdbb5]" started-at="2023-02-27T19:18:32 IST" name="launch" finished-at="2023-02-27T19:18:37 IST" duration-ms="4259" status="PASS">
          <reporter-output>
          </reporter-output>
        </test-method> <!-- launch -->
        <test-method signature="nextStep()[pri:0, instance:AmazonDemo1.WebPage2@2accdbb5]" started-at="2023-02-27T19:18:37 IST" name="nextStep" finished-at="2023-02-27T19:18:37 IST" duration-ms="119" status="PASS">
          <reporter-output>
          </reporter-output>
        </test-method> <!-- nextStep -->
      </class> <!-- AmazonDemo1.WebPage2 -->
    </test> <!-- Default test -->
  </suite> <!-- Default suite -->
</testng-results>
