<?xml version="1.0" encoding="UTF-8"?>
<testng-results ignored="0" total="1" passed="1" failed="0" skipped="0">
  <reporter-output>
  </reporter-output>
  <suite started-at="2023-02-24T19:30:53 IST" name="Default suite" finished-at="2023-02-24T19:31:01 IST" duration-ms="7672">
    <groups>
    </groups>
    <test started-at="2023-02-24T19:30:53 IST" name="Default test" finished-at="2023-02-24T19:31:01 IST" duration-ms="7672">
      <class name="AmazonDemo1.WebPage1">
        <test-method signature="allTest()[pri:0, instance:AmazonDemo1.WebPage1@2177849e]" started-at="2023-02-24T19:30:53 IST" name="allTest" finished-at="2023-02-24T19:31:01 IST" duration-ms="7629" status="PASS">
          <reporter-output>
          </reporter-output>
        </test-method> <!-- allTest -->
      </class> <!-- AmazonDemo1.WebPage1 -->
    </test> <!-- Default test -->
  </suite> <!-- Default suite -->
</testng-results>
